<?xml version="1.0" encoding="UTF-8"?>
<testsuite xmlns:xsi="http://www.w3.org/2001/XMLSchema-instance" xsi:noNamespaceSchemaLocation="https://maven.apache.org/surefire/maven-surefire-plugin/xsd/surefire-test-report-3.0.xsd" version="3.0" name="com.bbu.ai.face_auth.FaceAuthApplicationTests" time="7.712" tests="1" errors="0" skipped="0" failures="0">
  <properties>
[...]
</properties>
  <testcase name="contextLoads" classname="com.bbu.ai.face_auth.FaceAuthApplicationTests" time="0.472">
    <system-out><![CDATA[16:47:08.261 [main] INFO org.springframework.test.context.support.AnnotationConfigContextLoaderUtils -- Could not detect default configuration classes for test class [com.bbu.ai.face_auth.FaceAuthApplicationTests]: FaceAuthApplicationTests does not declare any static, non-private, non-final, nested classes annotated with @Configuration.
16:47:08.363 [main] INFO org.springframework.boot.test.context.SpringBootTestContextBootstrapper -- Found @SpringBootConfiguration com.bbu.ai.face_auth.FaceAuthApplication for test class com.bbu.ai.face_auth.FaceAuthApplicationTests
16:47:08.569 [main] INFO org.springframework.boot.devtools.restart.RestartApplicationListener -- Restart disabled due to context in which it is running

  .   ____          _            __ _ _
 /\\ / ___'_ __ _ _(_)_ __  __ _ \ \ \ \
( ( )\___ | '_ | '_| | '_ \/ _` | \ \ \ \
 \\/  ___)| |_)| | | | | || (_| |  ) ) ) )
  '  |____| .__|_| |_|_| |_\__, | / / / /
 =========|_|==============|___/=/_/_/_/

 :: Spring Boot ::                (v3.3.2)

2025-08-29T16:47:08.891+07:00  INFO 20132 --- [e-learning] [           main] c.b.a.f.FaceAuthApplicationTests         : Starting FaceAuthApplicationTests using Java 17.0.16 with PID 20132 (started by SaomeyAMT in D:\Ruon Puthsaomey Master\Y2-S2\Deep Learning and AI\API\mono-repo\deep-learning-assignment\backend-spring)
2025-08-29T16:47:08.892+07:00  INFO 20132 --- [e-learning] [           main] c.b.a.f.FaceAuthApplicationTests         : The following 1 profile is active: "dev"
2025-08-29T16:47:09.936+07:00  INFO 20132 --- [e-learning] [           main] .s.d.r.c.RepositoryConfigurationDelegate : Bootstrapping Spring Data JPA repositories in DEFAULT mode.
2025-08-29T16:47:10.000+07:00  INFO 20132 --- [e-learning] [           main] .s.d.r.c.RepositoryConfigurationDelegate : Finished Spring Data repository scanning in 51 ms. Found 4 JPA repository interfaces.
2025-08-29T16:47:10.741+07:00  INFO 20132 --- [e-learning] [           main] o.hibernate.jpa.internal.util.LogHelper  : HHH000204: Processing PersistenceUnitInfo [name: default]
2025-08-29T16:47:10.834+07:00  INFO 20132 --- [e-learning] [           main] org.hibernate.Version                    : HHH000412: Hibernate ORM core version 6.5.2.Final
2025-08-29T16:47:10.868+07:00  INFO 20132 --- [e-learning] [           main] o.h.c.internal.RegionFactoryInitiator    : HHH000026: Second-level cache disabled
2025-08-29T16:47:11.294+07:00  INFO 20132 --- [e-learning] [           main] o.s.o.j.p.SpringPersistenceUnitInfo      : No LoadTimeWeaver setup: ignoring JPA class transformer
2025-08-29T16:47:11.349+07:00  INFO 20132 --- [e-learning] [           main] com.zaxxer.hikari.HikariDataSource       : HikariPool-1 - Starting...
2025-08-29T16:47:11.562+07:00  INFO 20132 --- [e-learning] [           main] com.zaxxer.hikari.pool.HikariPool        : HikariPool-1 - Added connection org.postgresql.jdbc.PgConnection@1e5aacd9
2025-08-29T16:47:11.564+07:00  INFO 20132 --- [e-learning] [           main] com.zaxxer.hikari.HikariDataSource       : HikariPool-1 - Start completed.
2025-08-29T16:47:11.607+07:00  WARN 20132 --- [e-learning] [           main] org.hibernate.orm.deprecation            : HHH90000025: PostgreSQLDialect does not need to be specified explicitly using 'hibernate.dialect' (remove the property setting and it will be selected by default)
2025-08-29T16:47:12.602+07:00  INFO 20132 --- [e-learning] [           main] o.h.e.t.j.p.i.JtaPlatformInitiator       : HHH000489: No JTA platform available (set 'hibernate.transaction.jta.platform' to enable JTA platform integration)
2025-08-29T16:47:12.683+07:00  INFO 20132 --- [e-learning] [           main] j.LocalContainerEntityManagerFactoryBean : Initialized JPA EntityManagerFactory for persistence unit 'default'
2025-08-29T16:47:13.355+07:00  WARN 20132 --- [e-learning] [           main] JpaBaseConfiguration$JpaWebConfiguration : spring.jpa.open-in-view is enabled by default. Therefore, database queries may be performed during view rendering. Explicitly configure spring.jpa.open-in-view to disable this warning
2025-08-29T16:47:13.631+07:00  INFO 20132 --- [e-learning] [           main] eAuthenticationProviderManagerConfigurer : Global AuthenticationManager configured with AuthenticationProvider bean with name authenticationProvider
2025-08-29T16:47:13.634+07:00  WARN 20132 --- [e-learning] [           main] r$InitializeUserDetailsManagerConfigurer : Global AuthenticationManager configured with an AuthenticationProvider bean. UserDetailsService beans will not be used for username/password login. Consider removing the AuthenticationProvider bean. Alternatively, consider using the UserDetailsService in a manually instantiated DaoAuthenticationProvider.
2025-08-29T16:47:15.318+07:00  INFO 20132 --- [e-learning] [           main] c.b.a.f.FaceAuthApplicationTests         : Started FaceAuthApplicationTests in 6.764 seconds (process running for 7.862)
]]></system-out>
  </testcase>
</testsuite>